<?xml version="1.0" encoding="UTF-8"?>
<testng-results skipped="0" failed="0" total="1" passed="1">
  <reporter-output>
  </reporter-output>
  <suite name="Default suite" duration-ms="18538" started-at="2015-07-08T13:48:58Z" finished-at="2015-07-08T13:49:17Z">
    <groups>
    </groups>
    <test name="Default test" duration-ms="18538" started-at="2015-07-08T13:48:58Z" finished-at="2015-07-08T13:49:17Z">
      <class name="testcases.testcases_Login.LG_01">
        <test-method status="PASS" signature="before()[pri:0, instance:testcases.testcases_Login.LG_01@6b466679]" name="before" is-config="true" duration-ms="15640" started-at="2015-07-08T19:18:58Z" finished-at="2015-07-08T19:19:14Z">
          <reporter-output>
          </reporter-output>
        </test-method> <!-- before -->
        <test-method status="PASS" signature="main()[pri:0, instance:testcases.testcases_Login.LG_01@6b466679]" name="main" duration-ms="2218" started-at="2015-07-08T19:19:14Z" finished-at="2015-07-08T19:19:16Z">
          <reporter-output>
          </reporter-output>
        </test-method> <!-- main -->
        <test-method status="PASS" signature="after()[pri:0, instance:testcases.testcases_Login.LG_01@6b466679]" name="after" is-config="true" duration-ms="23" started-at="2015-07-08T19:19:17Z" finished-at="2015-07-08T19:19:17Z">
          <reporter-output>
          </reporter-output>
        </test-method> <!-- after -->
      </class> <!-- testcases.testcases_Login.LG_01 -->
    </test> <!-- Default test -->
  </suite> <!-- Default suite -->
</testng-results>
